1682422451563	geckodriver	INFO	Listening on 127.0.0.1:49449
1682422454579	mozrunner::runner	INFO	Running command: "C:\\Program Files\\Mozilla Firefox\\firefox.exe" "--marionette" "--remote-debugging-port" "49450" "--remote-allow-hosts" "localhost" "-no-remote" "-profile" "C:\\Users\\Morpheus\\AppData\\Local\\Temp\\rust_mozprofileU5QRdq"
1682422457826	Marionette	INFO	Marionette enabled
1682422457848	Marionette	INFO	Listening on port 49459
WebDriver BiDi listening on ws://localhost:49450
Read port: 49459
1682422458458	RemoteAgent	WARN	TLS certificate errors will be ignored for this session
console.warn: SearchSettings: "get: No settings file exists, new profile?" (new NotFoundError("Could not open the file at C:\\Users\\Morpheus\\AppData\\Local\\Temp\\rust_mozprofileU5QRdq\\search.json.mozlz4", (void 0)))
DevTools listening on ws://localhost:49450/devtools/browser/a915ae67-69d4-4da8-a7ce-7f5b7de9f760
1682422659346	Marionette	INFO	Stopped listening on port 49459
2422470976	mozrunner::runner	INFO	Running command: "C:\\Program Files\\Mozilla Firefox\\firefox.exe" "--marionette" "--remote-debugging-port" "49490" "--remote-allow-hosts" "localhost" "-no-remote" "-profile" "C:\\Users\\Morpheus\\AppData\\Local\\Temp\\rust_mozprofilepSt8dV"
1682422474200	Marionette	INFO	Marionette enabled
1682422474220	Marionette	INFO	Listening on port 49510
WebDriver BiDi listening on ws://localhost:49490
Read port: 49510
1682422474709	RemoteAgent	WARN	TLS certificate errors will be ignored for this session
console.warn: SearchSettings: "get: No settings file exists, new profile?" (new NotFoundError("Could not open the file at C:\\Users\\Morpheus\\AppData\\Local\\Temp\\rust_mozprofilepSt8dV\\search.json.mozlz4", (void 0)))
DevTools listening on ws://localhost:49490/devtools/browser/1d4e1831-3bb4-4f8a-9cbc-9939d5617050
console.warn: LoginRecipes: "getRecipes: falling back to a synchronous message for:" "https://consent.google.com"
JavaScript warning: https://www.google.com/maps/_/js/k=maps.m.fr.JyVC3fcCevc.2019.O/m=sc2,per,mo,lp,ti,ds,stx,dwi,enr,bom,b/am=JoA1gA/rt=j/d=1/rs=ACT90oEALpeV05gSdzFsz2nA7UhktbztPA, line 1442: WEBGL_debug_renderer_info is deprecated in Firefox and will be removed. Please use RENDERER.
JavaScript warning: , line 0: WebGL warning: texSubImage: Texture has not been initialized prior to a partial upload, forcing the browser to clear it. This may be slow.
JavaScript warning: , line 0: WebGL warning: texSubImage: Tex image TEXTURE_2D level 0 is incurring lazy initialization.
JavaScript warning: , line 0: WebGL warning: texSubImage: Texture has not been initialized prior to a partial upload, forcing the browser to clear it. This may be slow.
JavaScript warning: , line 0: WebGL warning: texSubImage: Tex image TEXTURE_2D level 0 is incurring lazy initialization.
JavaScript warning: , line 0: WebGL warning: texSubImage: Texture has not been initialized prior to a partial upload, forcing the browser to clear it. This may be slow.
JavaScript warning: , line 0: WebGL warning: texSubImage: Tex image TEXTURE_2D level 0 is incurring lazy initialization.
JavaScript warning: , line 0: WebGL warning: drawArraysInstanced: Tex image TEXTURE_2D level 0 is incurring lazy initialization.
JavaScript error: resource://devtools/client/framework/toolbox.js, line 2020: TypeError: currentPanel is undefined
JavaScript error: resource://autofill/FormAutofillChild.jsm, line 108: InvalidStateError: JSWindowActorChild.sendAsyncMessage: JSWindowActorChild cannot send at the moment
JavaScript error: resource://gre/modules/AsyncShutdown.jsm, line 575: NotFoundError: No such JSWindowActor 'DevToolsFrame'
1682422659401	Marionette	INFO	Stopped listening on port 49510
1682422671146	geckodriver	INFO	Listening on 127.0.0.1:49625
1682422674151	mozrunner::runner	INFO	Running command: "C:\\Program Files\\Mozilla Firefox\\firefox.exe" "--marionette" "--remote-debugging-port" "49626" "--remote-allow-hosts" "localhost" "-no-remote" "-profile" "C:\\Users\\Morpheus\\AppData\\Local\\Temp\\rust_mozprofileV6saON"
1682422676979	Marionette	INFO	Marionette enabled
1682422676995	Marionette	INFO	Listening on port 49635
WebDriver BiDi listening on ws://localhost:49626
Read port: 49635
1682422677492	RemoteAgent	WARN	TLS certificate errors will be ignored for this session
console.warn: SearchSettings: "get: No settings file exists, new profile?" (new NotFoundError("Could not open the file at C:\\Users\\Morpheus\\AppData\\Local\\Temp\\rust_mozprofileV6saON\\search.json.mozlz4", (void 0)))
DevTools listening on ws://localhost:49626/devtools/browser/7cd246be-e80a-4b0d-a8c3-0e422407dde4
1682422819498	Marionette	INFO	Stopped listening on port 49635
2422686615	mozrunner::runner	INFO	Running command: "C:\\Program Files\\Mozilla Firefox\\firefox.exe" "--marionette" "--remote-debugging-port" "49657" "--remote-allow-hosts" "localhost" "-no-remote" "-profile" "C:\\Users\\Morpheus\\AppData\\Local\\Temp\\rust_mozprofilewqhQLk"
1682422687752	Marionette	INFO	Marionette enabled
1682422687771	Marionette	INFO	Listening on port 49692
WebDriver BiDi listening on ws://localhost:49657
Read port: 49692
1682422688278	RemoteAgent	WARN	TLS certificate errors will be ignored for this session
console.warn: SearchSettings: "get: No settings file exists, new profile?" (new NotFoundError("Could not open the file at C:\\Users\\Morpheus\\AppData\\Local\\Temp\\rust_mozprofilewqhQLk\\search.json.mozlz4", (void 0)))
DevTools listening on ws://localhost:49657/devtools/browser/bfe111ac-45a3-407a-a779-c0073d083daf
console.warn: LoginRecipes: "getRecipes: falling back to a synchronous message for:" "https://consent.google.com"
JavaScript warning: https://www.google.com/maps/_/js/k=maps.m.fr.JyVC3fcCevc.2019.O/m=sc2,per,mo,lp,ti,ds,stx,dwi,enr,bom,b/am=BoA1gA/rt=j/d=1/rs=ACT90oFVfuXyWviRQ_cxnqstTvw2_q-zuw, line 1441: WEBGL_debug_renderer_info is deprecated in Firefox and will be removed. Please use RENDERER.
JavaScript warning: , line 0: WebGL warning: texSubImage: Texture has not been initialized prior to a partial upload, forcing the browser to clear it. This may be slow.
JavaScript warning: , line 0: WebGL warning: texSubImage: Tex image TEXTURE_2D level 0 is incurring lazy initialization.
JavaScript warning: , line 0: WebGL warning: texSubImage: Texture has not been initialized prior to a partial upload, forcing the browser to clear it. This may be slow.
JavaScript warning: , line 0: WebGL warning: texSubImage: Tex image TEXTURE_2D level 0 is incurring lazy initialization.
JavaScript warning: , line 0: WebGL warning: texSubImage: Texture has not been initialized prior to a partial upload, forcing the browser to clear it. This may be slow.
JavaScript warning: , line 0: WebGL warning: texSubImage: Tex image TEXTURE_2D level 0 is incurring lazy initialization.
JavaScript warning: , line 0: WebGL warning: texSubImage: Texture has not been initialized prior to a partial upload, forcing the browser to clear it. This may be slow.
JavaScript warning: , line 0: WebGL warning: texSubImage: Tex image TEXTURE_2D level 0 is incurring lazy initialization.
JavaScript warning: , line 0: WebGL warning: copyTexSubImage: Texture has not been initialized prior to a partial upload, forcing the browser to clear it. This may be slow.
JavaScript warning: , line 0: WebGL warning: copyTexSubImage: Tex image TEXTURE_2D level 0 is incurring lazy initialization.
JavaScript warning: , line 0: WebGL warning: texSubImage: Texture has not been initialized prior to a partial upload, forcing the browser to clear it. This may be slow.
JavaScript warning: , line 0: WebGL warning: texSubImage: Tex image TEXTURE_2D level 0 is incurring lazy initialization.
1682422817250	Marionette	INFO	Stopped listening on port 49692
